2020-04-19 18:45:43.4382 | Gallery.Filters.LogFilterAttribute.OnActionExecuting | INFO | 
Browser = Chrome
CurrentExecutionFilePath = /Account/Login
UserHostAddress = ::1
HttpMethod = POST
MachineName = DESKTOP-6QSMQBP
UserLanguages = 01: ru-RU 11: ru;q=0.9 21: en-US;q=0.8 31: en;q=0.7 41: uk;q=0.6  

2020-04-19 18:46:02.1052 | Gallery.Filters.LogFilterAttribute.OnActionExecuting | INFO | 
Browser = Chrome
CurrentExecutionFilePath = /Account/Login
UserHostAddress = ::1
HttpMethod = POST
MachineName = DESKTOP-6QSMQBP
UserLanguages = 01: ru-RU 11: ru;q=0.9 21: en-US;q=0.8 31: en;q=0.7 41: uk;q=0.6  

2020-04-19 18:46:42.5985 | Gallery.Filters.LogFilterAttribute.OnActionExecuted | INFO | 
StatusCode and StatusDescription = 200 OK
Headers = Server=Microsoft-IIS%2f10.0&X-AspNetMvc-Version=5.2 

2020-04-19 18:46:42.9882 | Gallery.Filters.LogFilterAttribute.OnException | ERROR | Bозникло исключение: 
 При установлении соединения с SQL Server произошла ошибка, связанная с сетью или с определенным экземпляром. Сервер не найден или недоступен. Убедитесь, что имя экземпляра указано правильно и что на SQL Server разрешены удаленные соединения. (provider: SQL Network Interfaces, error: 26 - Ошибка при обнаружении указанного сервера или экземпляра) 
    в System.Data.SqlClient.SqlInternalConnectionTds..ctor(DbConnectionPoolIdentity identity, SqlConnectionString connectionOptions, SqlCredential credential, Object providerInfo, String newPassword, SecureString newSecurePassword, Boolean redirectedUserInstance, SqlConnectionString userConnectionOptions, SessionData reconnectSessionData, DbConnectionPool pool, String accessToken, Boolean applyTransientFaultHandling, SqlAuthenticationProviderManager sqlAuthProviderManager)
   в System.Data.SqlClient.SqlConnectionFactory.CreateConnection(DbConnectionOptions options, DbConnectionPoolKey poolKey, Object poolGroupProviderInfo, DbConnectionPool pool, DbConnection owningConnection, DbConnectionOptions userOptions)
   в System.Data.ProviderBase.DbConnectionFactory.CreatePooledConnection(DbConnectionPool pool, DbConnection owningObject, DbConnectionOptions options, DbConnectionPoolKey poolKey, DbConnectionOptions userOptions)
   в System.Data.ProviderBase.DbConnectionPool.CreateObject(DbConnection owningObject, DbConnectionOptions userOptions, DbConnectionInternal oldConnection)
   в System.Data.ProviderBase.DbConnectionPool.UserCreateRequest(DbConnection owningObject, DbConnectionOptions userOptions, DbConnectionInternal oldConnection)
   в System.Data.ProviderBase.DbConnectionPool.TryGetConnection(DbConnection owningObject, UInt32 waitForMultipleObjectsTimeout, Boolean allowCreate, Boolean onlyOneCheckConnection, DbConnectionOptions userOptions, DbConnectionInternal& connection)
   в System.Data.ProviderBase.DbConnectionPool.TryGetConnection(DbConnection owningObject, TaskCompletionSource`1 retry, DbConnectionOptions userOptions, DbConnectionInternal& connection)
   в System.Data.ProviderBase.DbConnectionFactory.TryGetConnection(DbConnection owningConnection, TaskCompletionSource`1 retry, DbConnectionOptions userOptions, DbConnectionInternal oldConnection, DbConnectionInternal& connection)
   в System.Data.ProviderBase.DbConnectionInternal.TryOpenConnectionInternal(DbConnection outerConnection, DbConnectionFactory connectionFactory, TaskCompletionSource`1 retry, DbConnectionOptions userOptions)
   в System.Data.ProviderBase.DbConnectionClosed.TryOpenConnection(DbConnection outerConnection, DbConnectionFactory connectionFactory, TaskCompletionSource`1 retry, DbConnectionOptions userOptions)
   в System.Data.SqlClient.SqlConnection.TryOpenInner(TaskCompletionSource`1 retry)
   в System.Data.SqlClient.SqlConnection.TryOpen(TaskCompletionSource`1 retry)
   в System.Data.SqlClient.SqlConnection.Open()
   в System.Data.Entity.Infrastructure.Interception.DbConnectionDispatcher.<>c.<Open>b__13_0(DbConnection t, DbConnectionInterceptionContext c)
   в System.Data.Entity.Infrastructure.Interception.InternalDispatcher`1.Dispatch[TTarget,TInterceptionContext](TTarget target, Action`2 operation, TInterceptionContext interceptionContext, Action`3 executing, Action`3 executed)
   в System.Data.Entity.Infrastructure.Interception.DbConnectionDispatcher.Open(DbConnection connection, DbInterceptionContext interceptionContext)
   в System.Data.Entity.SqlServer.SqlProviderServices.<>c__DisplayClass60_0.<UsingConnection>b__0()
   в System.Data.Entity.SqlServer.DefaultSqlExecutionStrategy.<>c__DisplayClass2_0.<Execute>b__0()
   в System.Data.Entity.SqlServer.DefaultSqlExecutionStrategy.Execute[TResult](Func`1 operation)
   в System.Data.Entity.SqlServer.DefaultSqlExecutionStrategy.Execute(Action operation)
   в System.Data.Entity.SqlServer.SqlProviderServices.UsingConnection(DbConnection sqlConnection, Action`1 act)
   в System.Data.Entity.SqlServer.SqlProviderServices.UsingMasterConnection(DbConnection sqlConnection, Action`1 act)
   в System.Data.Entity.SqlServer.SqlProviderServices.CreateDatabaseFromScript(Nullable`1 commandTimeout, DbConnection sqlConnection, String createDatabaseScript)
   в System.Data.Entity.SqlServer.SqlProviderServices.DbCreateDatabase(DbConnection connection, Nullable`1 commandTimeout, StoreItemCollection storeItemCollection)
   в System.Data.Entity.Core.Common.DbProviderServices.CreateDatabase(DbConnection connection, Nullable`1 commandTimeout, StoreItemCollection storeItemCollection)
   в System.Data.Entity.Core.Objects.ObjectContext.CreateDatabase()
   в System.Data.Entity.Migrations.Utilities.DatabaseCreator.Create(DbConnection connection)
   в System.Data.Entity.Migrations.DbMigrator.EnsureDatabaseExists(Action mustSucceedToKeepDatabase)
   в System.Data.Entity.Migrations.DbMigrator.Update(String targetMigration)
   в System.Data.Entity.Internal.DatabaseCreator.CreateDatabase(InternalContext internalContext, Func`3 createMigrator, ObjectContext objectContext)
   в System.Data.Entity.Internal.InternalContext.CreateDatabase(ObjectContext objectContext, DatabaseExistenceState existenceState)
   в System.Data.Entity.Database.Create(DatabaseExistenceState existenceState)
   в System.Data.Entity.CreateDatabaseIfNotExists`1.InitializeDatabase(TContext context)
   в System.Data.Entity.Internal.InternalContext.<>c__DisplayClass66_0`1.<CreateInitializationAction>b__0()
   в System.Data.Entity.Internal.InternalContext.PerformInitializationAction(Action action)
   в System.Data.Entity.Internal.InternalContext.PerformDatabaseInitialization()
   в System.Data.Entity.Internal.LazyInternalContext.<>c.<InitializeDatabase>b__58_0(InternalContext c)
   в System.Data.Entity.Internal.RetryAction`1.PerformAction(TInput input)
   в System.Data.Entity.Internal.LazyInternalContext.InitializeDatabaseAction(Action`1 action)
   в System.Data.Entity.Internal.LazyInternalContext.InitializeDatabase()
   в System.Data.Entity.Internal.InternalContext.Initialize()
   в System.Data.Entity.Internal.InternalContext.GetEntitySetAndBaseTypeForType(Type entityType)
   в System.Data.Entity.Internal.Linq.InternalSet`1.Initialize()
   в System.Data.Entity.Internal.Linq.InternalSet`1.get_InternalContext()
   в System.Data.Entity.Infrastructure.DbQuery`1.System.Linq.IQueryable.get_Provider()
   в System.Data.Entity.QueryableExtensions.AnyAsync[TSource](IQueryable`1 source, Expression`1 predicate, CancellationToken cancellationToken)
   в System.Data.Entity.QueryableExtensions.AnyAsync[TSource](IQueryable`1 source, Expression`1 predicate)
   в Gallery.DAL.InterfaceImplementation.UsersRepository.<IsUserExistAsync>d__2.MoveNext() в D:\GitHub\NewGeneration\NewGeneration2020\Gallery\Gallery.DAL\InterfaceImplementation\UsersRepository.cs:строка 26
--- Конец трассировка стека из предыдущего расположения, где возникло исключение ---
   в System.Runtime.CompilerServices.TaskAwaiter.ThrowForNonSuccess(Task task)
   в System.Runtime.CompilerServices.TaskAwaiter.HandleNonSuccessAndDebuggerNotification(Task task)
   в System.Runtime.CompilerServices.TaskAwaiter`1.GetResult()
   в Gallery.BLL.Services.UserService.<IsUserExistAsync>d__2.MoveNext() в D:\GitHub\NewGeneration\NewGeneration2020\Gallery\Gallery.BLL\Services\UserService.cs:строка 23
--- Конец трассировка стека из предыдущего расположения, где возникло исключение ---
   в System.Runtime.CompilerServices.TaskAwaiter.ThrowForNonSuccess(Task task)
   в System.Runtime.CompilerServices.TaskAwaiter.HandleNonSuccessAndDebuggerNotification(Task task)
   в System.Runtime.CompilerServices.TaskAwaiter`1.GetResult()
   в Gallery.Controllers.AccountController.<Login>d__4.MoveNext() в D:\GitHub\NewGeneration\NewGeneration2020\Gallery\Gallery\Controllers\AccountController.cs:строка 39
--- Конец трассировка стека из предыдущего расположения, где возникло исключение ---
   в System.Runtime.CompilerServices.TaskAwaiter.ThrowForNonSuccess(Task task)
   в System.Runtime.CompilerServices.TaskAwaiter.HandleNonSuccessAndDebuggerNotification(Task task)
   в System.Web.Mvc.Async.TaskAsyncActionDescriptor.EndExecute(IAsyncResult asyncResult)
   в System.Web.Mvc.Async.AsyncControllerActionInvoker.<>c__DisplayClass8_0.<BeginInvokeAsynchronousActionMethod>b__1(IAsyncResult asyncResult)
   в System.Web.Mvc.Async.AsyncResultWrapper.WrappedAsyncResult`1.CallEndDelegate(IAsyncResult asyncResult)
   в System.Web.Mvc.Async.AsyncResultWrapper.WrappedAsyncResultBase`1.End()
   в System.Web.Mvc.Async.AsyncControllerActionInvoker.EndInvokeActionMethod(IAsyncResult asyncResult)
   в System.Web.Mvc.Async.AsyncControllerActionInvoker.AsyncInvocationWithFilters.<>c__DisplayClass11_0.<InvokeActionMethodFilterAsynchronouslyRecursive>b__0()
   в System.Web.Mvc.Async.AsyncControllerActionInvoker.AsyncInvocationWithFilters.<>c__DisplayClass11_2.<InvokeActionMethodFilterAsynchronouslyRecursive>b__2()
   в System.Web.Mvc.Async.AsyncControllerActionInvoker.AsyncInvocationWithFilters.<>c__DisplayClass11_2.<InvokeActionMethodFilterAsynchronouslyRecursive>b__2()
   в System.Web.Mvc.Async.AsyncControllerActionInvoker.<>c__DisplayClass7_0.<BeginInvokeActionMethodWithFilters>b__1(IAsyncResult asyncResult)
   в System.Web.Mvc.Async.AsyncResultWrapper.WrappedAsyncResult`1.CallEndDelegate(IAsyncResult asyncResult)
   в System.Web.Mvc.Async.AsyncResultWrapper.WrappedAsyncResultBase`1.End()
   в System.Web.Mvc.Async.AsyncControllerActionInvoker.EndInvokeActionMethodWithFilters(IAsyncResult asyncResult)
   в System.Web.Mvc.Async.AsyncControllerActionInvoker.<>c__DisplayClass3_6.<BeginInvokeAction>b__4()
   в System.Web.Mvc.Async.AsyncControllerActionInvoker.<>c__DisplayClass3_1.<BeginInvokeAction>b__1(IAsyncResult asyncResult) 

2020-04-19 18:47:10.8276 | Gallery.Filters.LogFilterAttribute.OnActionExecuted | INFO | 
StatusCode and StatusDescription = 200 OK
Headers = Server=Microsoft-IIS%2f10.0&X-AspNetMvc-Version=5.2 

2020-04-19 18:47:10.8276 | Gallery.Filters.LogFilterAttribute.OnException | ERROR | Bозникло исключение: 
 An exception occurred while initializing the database. See the InnerException for details. 
    в System.Data.Entity.Internal.InternalContext.PerformInitializationAction(Action action)
   в System.Data.Entity.Internal.InternalContext.PerformDatabaseInitialization()
   в System.Data.Entity.Internal.LazyInternalContext.<>c.<InitializeDatabase>b__58_0(InternalContext c)
   в System.Data.Entity.Internal.RetryAction`1.PerformAction(TInput input)
   в System.Data.Entity.Internal.LazyInternalContext.InitializeDatabaseAction(Action`1 action)
   в System.Data.Entity.Internal.LazyInternalContext.InitializeDatabase()
   в System.Data.Entity.Internal.InternalContext.Initialize()
   в System.Data.Entity.Internal.InternalContext.GetEntitySetAndBaseTypeForType(Type entityType)
   в System.Data.Entity.Internal.Linq.InternalSet`1.Initialize()
   в System.Data.Entity.Internal.Linq.InternalSet`1.get_InternalContext()
   в System.Data.Entity.Infrastructure.DbQuery`1.System.Linq.IQueryable.get_Provider()
   в System.Data.Entity.QueryableExtensions.AnyAsync[TSource](IQueryable`1 source, Expression`1 predicate, CancellationToken cancellationToken)
   в System.Data.Entity.QueryableExtensions.AnyAsync[TSource](IQueryable`1 source, Expression`1 predicate)
   в Gallery.DAL.InterfaceImplementation.UsersRepository.<IsUserExistAsync>d__2.MoveNext() в D:\GitHub\NewGeneration\NewGeneration2020\Gallery\Gallery.DAL\InterfaceImplementation\UsersRepository.cs:строка 26
--- Конец трассировка стека из предыдущего расположения, где возникло исключение ---
   в System.Runtime.CompilerServices.TaskAwaiter.ThrowForNonSuccess(Task task)
   в System.Runtime.CompilerServices.TaskAwaiter.HandleNonSuccessAndDebuggerNotification(Task task)
   в System.Runtime.CompilerServices.TaskAwaiter`1.GetResult()
   в Gallery.BLL.Services.UserService.<IsUserExistAsync>d__2.MoveNext() в D:\GitHub\NewGeneration\NewGeneration2020\Gallery\Gallery.BLL\Services\UserService.cs:строка 23
--- Конец трассировка стека из предыдущего расположения, где возникло исключение ---
   в System.Runtime.CompilerServices.TaskAwaiter.ThrowForNonSuccess(Task task)
   в System.Runtime.CompilerServices.TaskAwaiter.HandleNonSuccessAndDebuggerNotification(Task task)
   в System.Runtime.CompilerServices.TaskAwaiter`1.GetResult()
   в Gallery.Controllers.AccountController.<Login>d__4.MoveNext() в D:\GitHub\NewGeneration\NewGeneration2020\Gallery\Gallery\Controllers\AccountController.cs:строка 39
--- Конец трассировка стека из предыдущего расположения, где возникло исключение ---
   в System.Runtime.CompilerServices.TaskAwaiter.ThrowForNonSuccess(Task task)
   в System.Runtime.CompilerServices.TaskAwaiter.HandleNonSuccessAndDebuggerNotification(Task task)
   в System.Web.Mvc.Async.TaskAsyncActionDescriptor.EndExecute(IAsyncResult asyncResult)
   в System.Web.Mvc.Async.AsyncControllerActionInvoker.<>c__DisplayClass8_0.<BeginInvokeAsynchronousActionMethod>b__1(IAsyncResult asyncResult)
   в System.Web.Mvc.Async.AsyncResultWrapper.WrappedAsyncResult`1.CallEndDelegate(IAsyncResult asyncResult)
   в System.Web.Mvc.Async.AsyncResultWrapper.WrappedAsyncResultBase`1.End()
   в System.Web.Mvc.Async.AsyncControllerActionInvoker.EndInvokeActionMethod(IAsyncResult asyncResult)
   в System.Web.Mvc.Async.AsyncControllerActionInvoker.AsyncInvocationWithFilters.<>c__DisplayClass11_0.<InvokeActionMethodFilterAsynchronouslyRecursive>b__0()
   в System.Web.Mvc.Async.AsyncControllerActionInvoker.AsyncInvocationWithFilters.<>c__DisplayClass11_2.<InvokeActionMethodFilterAsynchronouslyRecursive>b__2()
   в System.Web.Mvc.Async.AsyncControllerActionInvoker.AsyncInvocationWithFilters.<>c__DisplayClass11_2.<InvokeActionMethodFilterAsynchronouslyRecursive>b__2()
   в System.Web.Mvc.Async.AsyncControllerActionInvoker.<>c__DisplayClass7_0.<BeginInvokeActionMethodWithFilters>b__1(IAsyncResult asyncResult)
   в System.Web.Mvc.Async.AsyncResultWrapper.WrappedAsyncResult`1.CallEndDelegate(IAsyncResult asyncResult)
   в System.Web.Mvc.Async.AsyncResultWrapper.WrappedAsyncResultBase`1.End()
   в System.Web.Mvc.Async.AsyncControllerActionInvoker.EndInvokeActionMethodWithFilters(IAsyncResult asyncResult)
   в System.Web.Mvc.Async.AsyncControllerActionInvoker.<>c__DisplayClass3_6.<BeginInvokeAction>b__4()
   в System.Web.Mvc.Async.AsyncControllerActionInvoker.<>c__DisplayClass3_1.<BeginInvokeAction>b__1(IAsyncResult asyncResult) 

2020-04-19 18:47:43.3841 | Gallery.Filters.LogFilterAttribute.OnActionExecuting | INFO | 
Browser = Chrome
CurrentExecutionFilePath = /Account/Login
UserHostAddress = ::1
HttpMethod = POST
MachineName = DESKTOP-6QSMQBP
UserLanguages = 01: ru-RU 11: ru;q=0.9 21: en-US;q=0.8 31: en;q=0.7 41: uk;q=0.6  

2020-04-19 18:47:46.0493 | Gallery.Filters.LogFilterAttribute.OnActionExecuted | INFO | 
StatusCode and StatusDescription = 200 OK
Headers = Server=Microsoft-IIS%2f10.0&X-AspNetMvc-Version=5.2 

2020-04-19 22:48:35.5013 | Gallery.Filters.LogFilterAttribute.OnActionExecuting | INFO | 
Browser = Chrome
CurrentExecutionFilePath = /Account/Login
UserHostAddress = ::1
HttpMethod = POST
MachineName = DESKTOP-6QSMQBP
UserLanguages = 01: ru-RU 11: ru;q=0.9 21: en-US;q=0.8 31: en;q=0.7 41: uk;q=0.6  

2020-04-19 22:48:38.5050 | Gallery.Filters.LogFilterAttribute.OnActionExecuted | INFO | 
StatusCode and StatusDescription = 200 OK
Headers = Server=Microsoft-IIS%2f10.0&X-AspNetMvc-Version=5.2 

2020-04-19 22:48:38.5682 | Gallery.Filters.LogFilterAttribute.OnException | ERROR | Bозникло исключение: 
 The model backing the 'UserContext' context has changed since the database was created. Consider using Code First Migrations to update the database (http://go.microsoft.com/fwlink/?LinkId=238269). 
    в System.Data.Entity.CreateDatabaseIfNotExists`1.InitializeDatabase(TContext context)
   в System.Data.Entity.Internal.InternalContext.<>c__DisplayClass66_0`1.<CreateInitializationAction>b__0()
   в System.Data.Entity.Internal.InternalContext.PerformInitializationAction(Action action)
   в System.Data.Entity.Internal.InternalContext.PerformDatabaseInitialization()
   в System.Data.Entity.Internal.LazyInternalContext.<>c.<InitializeDatabase>b__58_0(InternalContext c)
   в System.Data.Entity.Internal.RetryAction`1.PerformAction(TInput input)
   в System.Data.Entity.Internal.LazyInternalContext.InitializeDatabaseAction(Action`1 action)
   в System.Data.Entity.Internal.LazyInternalContext.InitializeDatabase()
   в System.Data.Entity.Internal.InternalContext.Initialize()
   в System.Data.Entity.Internal.InternalContext.GetEntitySetAndBaseTypeForType(Type entityType)
   в System.Data.Entity.Internal.Linq.InternalSet`1.Initialize()
   в System.Data.Entity.Internal.Linq.InternalSet`1.get_InternalContext()
   в System.Data.Entity.Infrastructure.DbQuery`1.System.Linq.IQueryable.get_Provider()
   в System.Data.Entity.QueryableExtensions.AnyAsync[TSource](IQueryable`1 source, Expression`1 predicate, CancellationToken cancellationToken)
   в System.Data.Entity.QueryableExtensions.AnyAsync[TSource](IQueryable`1 source, Expression`1 predicate)
   в Gallery.DAL.InterfaceImplementation.UsersRepository.<IsUserExistAsync>d__2.MoveNext() в D:\GitHub\NewGeneration\NewGeneration2020\Gallery\Gallery.DAL\InterfaceImplementation\UsersRepository.cs:строка 26
--- Конец трассировка стека из предыдущего расположения, где возникло исключение ---
   в System.Runtime.CompilerServices.TaskAwaiter.ThrowForNonSuccess(Task task)
   в System.Runtime.CompilerServices.TaskAwaiter.HandleNonSuccessAndDebuggerNotification(Task task)
   в System.Runtime.CompilerServices.TaskAwaiter`1.GetResult()
   в Gallery.BLL.Services.UserService.<IsUserExistAsync>d__2.MoveNext() в D:\GitHub\NewGeneration\NewGeneration2020\Gallery\Gallery.BLL\Services\UserService.cs:строка 23
--- Конец трассировка стека из предыдущего расположения, где возникло исключение ---
   в System.Runtime.CompilerServices.TaskAwaiter.ThrowForNonSuccess(Task task)
   в System.Runtime.CompilerServices.TaskAwaiter.HandleNonSuccessAndDebuggerNotification(Task task)
   в System.Runtime.CompilerServices.TaskAwaiter`1.GetResult()
   в Gallery.Controllers.AccountController.<Login>d__4.MoveNext() в D:\GitHub\NewGeneration\NewGeneration2020\Gallery\Gallery\Controllers\AccountController.cs:строка 39
--- Конец трассировка стека из предыдущего расположения, где возникло исключение ---
   в System.Runtime.CompilerServices.TaskAwaiter.ThrowForNonSuccess(Task task)
   в System.Runtime.CompilerServices.TaskAwaiter.HandleNonSuccessAndDebuggerNotification(Task task)
   в System.Web.Mvc.Async.TaskAsyncActionDescriptor.EndExecute(IAsyncResult asyncResult)
   в System.Web.Mvc.Async.AsyncControllerActionInvoker.<>c__DisplayClass8_0.<BeginInvokeAsynchronousActionMethod>b__1(IAsyncResult asyncResult)
   в System.Web.Mvc.Async.AsyncResultWrapper.WrappedAsyncResult`1.CallEndDelegate(IAsyncResult asyncResult)
   в System.Web.Mvc.Async.AsyncResultWrapper.WrappedAsyncResultBase`1.End()
   в System.Web.Mvc.Async.AsyncControllerActionInvoker.EndInvokeActionMethod(IAsyncResult asyncResult)
   в System.Web.Mvc.Async.AsyncControllerActionInvoker.AsyncInvocationWithFilters.<>c__DisplayClass11_0.<InvokeActionMethodFilterAsynchronouslyRecursive>b__0()
   в System.Web.Mvc.Async.AsyncControllerActionInvoker.AsyncInvocationWithFilters.<>c__DisplayClass11_2.<InvokeActionMethodFilterAsynchronouslyRecursive>b__2()
   в System.Web.Mvc.Async.AsyncControllerActionInvoker.AsyncInvocationWithFilters.<>c__DisplayClass11_2.<InvokeActionMethodFilterAsynchronouslyRecursive>b__2()
   в System.Web.Mvc.Async.AsyncControllerActionInvoker.<>c__DisplayClass7_0.<BeginInvokeActionMethodWithFilters>b__1(IAsyncResult asyncResult)
   в System.Web.Mvc.Async.AsyncResultWrapper.WrappedAsyncResult`1.CallEndDelegate(IAsyncResult asyncResult)
   в System.Web.Mvc.Async.AsyncResultWrapper.WrappedAsyncResultBase`1.End()
   в System.Web.Mvc.Async.AsyncControllerActionInvoker.EndInvokeActionMethodWithFilters(IAsyncResult asyncResult)
   в System.Web.Mvc.Async.AsyncControllerActionInvoker.<>c__DisplayClass3_6.<BeginInvokeAction>b__4()
   в System.Web.Mvc.Async.AsyncControllerActionInvoker.<>c__DisplayClass3_1.<BeginInvokeAction>b__1(IAsyncResult asyncResult) 

